No such file or directory - Data/Map003.rxdata

004_Game_Map.rb:47:in `load_data'
004_Game_Map.rb:47:in `setup'
006_Game_MapFactory.rb:24:in `setup'
002_Scene_Map.rb:72:in `transfer_player'
002_Scene_Map.rb:162:in `block in update'
002_Scene_Map.rb:155:in `loop'
002_Scene_Map.rb:155:in `update'
002_Scene_Map.rb:218:in `block in main'
002_Scene_Map.rb:215:in `loop'
002_Scene_Map.rb:215:in `main'
999_Main.rb:37:in `mainFunctionDebug'
999_Main.rb:20:in `mainFunction'
999_Main.rb:47:in `block (2 levels) in load_scripts_from_folder'
999_Main.rb:46:in `loop'
999_Main.rb:46:in `block in load_scripts_from_folder'
000:Main:34:in `eval'
000:Main:34:in `block in load_scripts_from_folder'
000:Main:31:in `each'
000:Main:31:in `load_scripts_from_folder'
000:Main:44:in `block in load_scripts_from_folder'
000:Main:43:in `each'
000:Main:43:in `load_scripts_from_folder'
000:Main:48:in `<main>'
-e:in `eval'